<?xml version="1.0" encoding="UTF-8"?>
<!-- Generated by org.testng.reporters.JUnitReportReporter -->
<testsuite skipped="0" hostname="SKOLLA-W54" name="com.testng.TestNGFeatures" tests="4" failures="0" timestamp="18 Apr 2020 18:10:43 GMT" time="0.004" errors="0">
  <testcase name="RegPageTest" time="0.001" classname="com.testng.TestNGFeatures"/>
  <testcase name="loginTest" time="0.001" classname="com.testng.TestNGFeatures"/>
  <testcase name="HomePageTest" time="0.001" classname="com.testng.TestNGFeatures"/>
  <testcase name="SearchPageTest" time="0.001" classname="com.testng.TestNGFeatures"/>
</testsuite> <!-- com.testng.TestNGFeatures -->
