<?xml version="1.0" encoding="UTF-8"?>
<!-- Generated by org.testng.reporters.JUnitReportReporter -->
<testsuite skipped="0" hostname="SKOLLA-W54" name="com.testng.ExceptionTimeOutTest" tests="1" failures="0" timestamp="18 Apr 2020 18:10:43 GMT" time="0.005" errors="0">
  <testcase name="test1" time="0.005" classname="com.testng.ExceptionTimeOutTest"/>
</testsuite> <!-- com.testng.ExceptionTimeOutTest -->
